[2025-05-29T11:54:16.079] [INFO] default - Calling method: navigate with args: []
[2025-05-29T11:54:16.417] [INFO] default - Method: navigate executed successfully
[2025-05-29T11:54:16.417] [INFO] default - Calling method: fillContactForm with args: ["John Doe","johndoe@example.com","12345","Test Subject","This is a test message."]
[2025-05-29T11:54:18.387] [INFO] default - Method: fillContactForm executed successfully
[2025-05-29T12:03:15.212] [INFO] default - Calling method: navigate with args: []
[2025-05-29T12:03:15.934] [INFO] default - Method: navigate executed successfully
[2025-05-29T12:03:15.934] [INFO] default - Calling method: fillContactForm with args: ["Jane Smith","janesmith@example.com","12345678901","Inquiry","This is a valid test message for the contact form."]
[2025-05-29T12:03:17.861] [INFO] default - Method: fillContactForm executed successfully
[2025-05-29T12:03:36.431] [INFO] default - Calling method: navigate with args: []
[2025-05-29T12:03:36.722] [INFO] default - Method: navigate executed successfully
[2025-05-29T12:08:42.545] [INFO] default - Calling method: navigate with args: []
[2025-05-29T12:08:42.545] [INFO] default - Calling method: navigate with args: []
[2025-05-29T12:08:42.550] [INFO] default - Calling method: navigate with args: []
[2025-05-29T12:08:43.284] [INFO] default - Calling method: navigate with args: []
[2025-05-29T12:08:43.591] [INFO] default - Method: navigate executed successfully
[2025-05-29T12:08:43.591] [INFO] default - Calling method: fillContactForm with args: ["John Doe","johndoe@example.com","12345","Test Subject","This is a test message."]
[2025-05-29T12:08:43.597] [INFO] default - Method: navigate executed successfully
[2025-05-29T12:08:43.615] [INFO] default - Method: navigate executed successfully
[2025-05-29T12:08:43.616] [INFO] default - Calling method: fillContactForm with args: ["Jane Smith","janesmith@example.com","12345678901","Inquiry","This is a valid test message for the contact form."]
[2025-05-29T12:08:43.663] [INFO] default - Method: navigate executed successfully
[2025-05-29T12:08:45.274] [INFO] default - Method: fillContactForm executed successfully
[2025-05-29T12:08:45.274] [INFO] default - Method: fillContactForm executed successfully
[2025-05-29T12:08:47.011] [INFO] default - Calling method: navigate with args: []
[2025-05-29T12:08:47.414] [INFO] default - Method: navigate executed successfully
[2025-05-29T12:08:47.414] [INFO] default - Calling method: fillContactForm with args: ["John Doe","johndoe@example.com","12345","Test Subject","This is a test message."]
[2025-05-29T12:08:47.451] [INFO] default - Calling method: navigate with args: []
[2025-05-29T12:08:47.477] [INFO] default - Calling method: navigate with args: []
[2025-05-29T12:08:47.607] [INFO] default - Method: fillContactForm executed successfully
[2025-05-29T12:08:47.846] [INFO] default - Method: navigate executed successfully
[2025-05-29T12:08:47.846] [INFO] default - Calling method: fillContactForm with args: ["Jane Smith","janesmith@example.com","12345678901","Inquiry","This is a valid test message for the contact form."]
[2025-05-29T12:08:47.904] [INFO] default - Method: navigate executed successfully
[2025-05-29T12:08:48.041] [INFO] default - Method: fillContactForm executed successfully
[2025-05-29T12:08:49.568] [INFO] default - Calling method: navigate with args: []
[2025-05-29T12:08:49.568] [INFO] default - Calling method: navigate with args: []
[2025-05-29T12:08:49.858] [INFO] default - Method: navigate executed successfully
[2025-05-29T12:08:49.858] [INFO] default - Calling method: fillContactForm with args: ["Jane Smith","janesmith@example.com","12345678901","Inquiry","This is a valid test message for the contact form."]
[2025-05-29T12:08:49.947] [INFO] default - Method: navigate executed successfully
[2025-05-29T12:08:49.947] [INFO] default - Calling method: fillContactForm with args: ["John Doe","johndoe@example.com","12345","Test Subject","This is a test message."]
[2025-05-29T12:08:50.058] [INFO] default - Method: fillContactForm executed successfully
[2025-05-29T12:08:50.165] [INFO] default - Method: fillContactForm executed successfully
[2025-05-29T12:11:39.110] [INFO] default - Calling method: navigate with args: []
[2025-05-29T12:11:39.109] [INFO] default - Calling method: navigate with args: []
[2025-05-29T12:11:39.154] [INFO] default - Calling method: navigate with args: []
[2025-05-29T12:11:39.153] [INFO] default - Calling method: navigate with args: []
[2025-05-29T12:11:39.694] [INFO] default - Method: navigate executed successfully
[2025-05-29T12:11:39.695] [INFO] default - Calling method: fillContactForm with args: ["Jane Smith","janesmith@example.com","12345678901","Inquiry","This is a valid test message for the contact form."]
[2025-05-29T12:11:39.706] [INFO] default - Method: navigate executed successfully
[2025-05-29T12:11:39.710] [INFO] default - Method: navigate executed successfully
[2025-05-29T12:11:39.710] [INFO] default - Calling method: fillContactForm with args: ["John Doe","johndoe@example.com","12345","Test Subject","This is a test message."]
[2025-05-29T12:11:39.749] [INFO] default - Method: navigate executed successfully
[2025-05-29T12:11:40.001] [INFO] default - Calling method: navigate with args: []
[2025-05-29T12:11:40.385] [INFO] default - Method: navigate executed successfully
[2025-05-29T12:11:41.346] [INFO] default - Method: fillContactForm executed successfully
[2025-05-29T12:11:41.396] [INFO] default - Method: fillContactForm executed successfully
[2025-05-29T12:11:41.575] [INFO] default - Calling method: navigate with args: []
[2025-05-29T12:11:41.928] [INFO] default - Method: navigate executed successfully
[2025-05-29T12:11:43.134] [INFO] default - Calling method: navigate with args: []
[2025-05-29T12:11:43.552] [INFO] default - Calling method: navigate with args: []
[2025-05-29T12:11:43.591] [INFO] default - Method: navigate executed successfully
[2025-05-29T12:11:43.591] [INFO] default - Calling method: fillContactForm with args: ["John Doe","johndoe@example.com","12345","Test Subject","This is a test message."]
[2025-05-29T12:11:43.787] [INFO] default - Calling method: navigate with args: []
[2025-05-29T12:11:43.863] [INFO] default - Method: fillContactForm executed successfully
[2025-05-29T12:11:44.051] [INFO] default - Method: navigate executed successfully
[2025-05-29T12:11:44.051] [INFO] default - Calling method: fillContactForm with args: ["Jane Smith","janesmith@example.com","12345678901","Inquiry","This is a valid test message for the contact form."]
[2025-05-29T12:11:44.220] [INFO] default - Method: navigate executed successfully
[2025-05-29T12:11:44.257] [INFO] default - Method: fillContactForm executed successfully
[2025-05-29T12:11:45.304] [INFO] default - Calling method: navigate with args: []
[2025-05-29T12:11:45.689] [INFO] default - Method: navigate executed successfully
[2025-05-29T12:11:45.735] [INFO] default - Calling method: navigate with args: []
[2025-05-29T12:11:45.735] [INFO] default - Calling method: navigate with args: []
[2025-05-29T12:11:46.082] [INFO] default - Method: navigate executed successfully
[2025-05-29T12:11:46.082] [INFO] default - Calling method: fillContactForm with args: ["Jane Smith","janesmith@example.com","12345678901","Inquiry","This is a valid test message for the contact form."]
[2025-05-29T12:11:46.124] [INFO] default - Method: navigate executed successfully
[2025-05-29T12:11:46.125] [INFO] default - Calling method: fillContactForm with args: ["John Doe","johndoe@example.com","12345","Test Subject","This is a test message."]
[2025-05-29T12:11:46.341] [INFO] default - Method: fillContactForm executed successfully
[2025-05-29T12:11:46.563] [INFO] default - Method: fillContactForm executed successfully
[2025-05-29T12:32:39.658] [INFO] default - Calling method: navigate with args: []
[2025-05-29T12:32:39.715] [INFO] default - Calling method: navigate with args: []
[2025-05-29T12:32:39.714] [INFO] default - Calling method: navigate with args: []
[2025-05-29T12:32:39.714] [INFO] default - Calling method: navigate with args: []
[2025-05-29T12:32:40.470] [INFO] default - Method: navigate executed successfully
[2025-05-29T12:32:40.497] [INFO] default - Method: navigate executed successfully
[2025-05-29T12:32:40.498] [INFO] default - Calling method: fillContactForm with args: ["John Doe","johndoe@example.com","12345","Test Subject","This is a test message."]
[2025-05-29T12:32:40.510] [INFO] default - Calling method: navigate with args: []
[2025-05-29T12:32:40.523] [INFO] default - Method: navigate executed successfully
[2025-05-29T12:32:40.558] [INFO] default - Method: navigate executed successfully
[2025-05-29T12:32:40.558] [INFO] default - Calling method: fillContactForm with args: ["Jane Smith","janesmith@example.com","12345678901","Inquiry","This is a valid test message for the contact form."]
[2025-05-29T12:32:40.917] [INFO] default - Method: navigate executed successfully
[2025-05-29T12:32:42.045] [INFO] default - Method: fillContactForm executed successfully
[2025-05-29T12:32:42.186] [INFO] default - Calling method: navigate with args: []
[2025-05-29T12:32:42.229] [INFO] default - Method: fillContactForm executed successfully
[2025-05-29T12:32:42.552] [INFO] default - Method: navigate executed successfully
[2025-05-29T12:32:43.738] [INFO] default - Calling method: navigate with args: []
[2025-05-29T12:32:44.173] [INFO] default - Calling method: navigate with args: []
[2025-05-29T12:32:44.211] [INFO] default - Method: navigate executed successfully
[2025-05-29T12:32:44.211] [INFO] default - Calling method: fillContactForm with args: ["John Doe","johndoe@example.com","12345","Test Subject","This is a test message."]
[2025-05-29T12:32:44.329] [INFO] default - Calling method: navigate with args: []
[2025-05-29T12:32:44.423] [INFO] default - Method: fillContactForm executed successfully
[2025-05-29T12:32:44.545] [INFO] default - Method: navigate executed successfully
[2025-05-29T12:32:44.717] [INFO] default - Method: navigate executed successfully
[2025-05-29T12:32:44.718] [INFO] default - Calling method: fillContactForm with args: ["Jane Smith","janesmith@example.com","12345678901","Inquiry","This is a valid test message for the contact form."]
[2025-05-29T12:32:44.904] [INFO] default - Method: fillContactForm executed successfully
[2025-05-29T12:32:45.800] [INFO] default - Calling method: navigate with args: []
[2025-05-29T12:32:46.093] [INFO] default - Method: navigate executed successfully
[2025-05-29T12:32:46.497] [INFO] default - Calling method: navigate with args: []
[2025-05-29T12:32:46.567] [INFO] default - Calling method: navigate with args: []
[2025-05-29T12:32:46.831] [INFO] default - Method: navigate executed successfully
[2025-05-29T12:32:46.831] [INFO] default - Calling method: fillContactForm with args: ["Jane Smith","janesmith@example.com","12345678901","Inquiry","This is a valid test message for the contact form."]
[2025-05-29T12:32:46.860] [INFO] default - Method: navigate executed successfully
[2025-05-29T12:32:46.860] [INFO] default - Calling method: fillContactForm with args: ["John Doe","johndoe@example.com","12345","Test Subject","This is a test message."]
[2025-05-29T12:32:47.361] [INFO] default - Method: fillContactForm executed successfully
[2025-05-29T12:32:47.388] [INFO] default - Method: fillContactForm executed successfully
[2025-05-29T12:50:31.400] [INFO] default - Calling method: navigate with args: []
[2025-05-29T12:50:31.401] [INFO] default - Calling method: navigate with args: []
[2025-05-29T12:50:31.450] [INFO] default - Calling method: navigate with args: []
[2025-05-29T12:50:31.460] [INFO] default - Calling method: navigate with args: []
[2025-05-29T12:50:32.127] [INFO] default - Calling method: navigate with args: []
[2025-05-29T12:50:32.223] [INFO] default - Method: navigate executed successfully
[2025-05-29T12:50:32.236] [INFO] default - Method: navigate executed successfully
[2025-05-29T12:50:32.236] [INFO] default - Calling method: fillContactForm with args: ["John Doe","johndoe@example.com","12345","Test Subject","This is a test message."]
[2025-05-29T12:50:32.261] [INFO] default - Method: navigate executed successfully
[2025-05-29T12:50:32.315] [INFO] default - Method: navigate executed successfully
[2025-05-29T12:50:32.316] [INFO] default - Calling method: fillContactForm with args: ["Jane Smith","janesmith@example.com","12345678901","Inquiry","This is a valid test message for the contact form."]
[2025-05-29T12:50:32.531] [INFO] default - Method: navigate executed successfully
[2025-05-29T12:50:33.905] [INFO] default - Method: fillContactForm executed successfully
[2025-05-29T12:50:33.906] [INFO] default - Method: fillContactForm executed successfully
[2025-05-29T12:50:34.000] [INFO] default - Calling method: navigate with args: []
[2025-05-29T12:50:34.339] [INFO] default - Method: navigate executed successfully
[2025-05-29T12:50:35.558] [INFO] default - Calling method: navigate with args: []
[2025-05-29T12:50:35.972] [INFO] default - Method: navigate executed successfully
[2025-05-29T12:50:35.972] [INFO] default - Calling method: fillContactForm with args: ["John Doe","johndoe@example.com","12345","Test Subject","This is a test message."]
[2025-05-29T12:50:35.989] [INFO] default - Calling method: navigate with args: []
[2025-05-29T12:50:36.057] [INFO] default - Calling method: navigate with args: []
[2025-05-29T12:50:36.157] [INFO] default - Method: fillContactForm executed successfully
[2025-05-29T12:50:36.443] [INFO] default - Method: navigate executed successfully
[2025-05-29T12:50:36.443] [INFO] default - Calling method: fillContactForm with args: ["Jane Smith","janesmith@example.com","12345678901","Inquiry","This is a valid test message for the contact form."]
[2025-05-29T12:50:36.462] [INFO] default - Method: navigate executed successfully
[2025-05-29T12:50:36.631] [INFO] default - Method: fillContactForm executed successfully
[2025-05-29T12:50:37.554] [INFO] default - Calling method: navigate with args: []
[2025-05-29T12:50:37.909] [INFO] default - Method: navigate executed successfully
[2025-05-29T12:50:38.008] [INFO] default - Calling method: navigate with args: []
[2025-05-29T12:50:38.223] [INFO] default - Calling method: navigate with args: []
[2025-05-29T12:50:38.387] [INFO] default - Method: navigate executed successfully
[2025-05-29T12:50:38.388] [INFO] default - Calling method: fillContactForm with args: ["John Doe","johndoe@example.com","12345","Test Subject","This is a test message."]
[2025-05-29T12:50:38.577] [INFO] default - Method: navigate executed successfully
[2025-05-29T12:50:38.578] [INFO] default - Calling method: fillContactForm with args: ["Jane Smith","janesmith@example.com","12345678901","Inquiry","This is a valid test message for the contact form."]
[2025-05-29T12:50:38.905] [INFO] default - Method: fillContactForm executed successfully
[2025-05-29T12:50:38.988] [INFO] default - Method: fillContactForm executed successfully
[2025-05-29T12:55:42.114] [INFO] default - Calling method: navigate with args: []
[2025-05-29T12:55:42.115] [INFO] default - Calling method: navigate with args: []
[2025-05-29T12:55:42.147] [INFO] default - Calling method: navigate with args: []
[2025-05-29T12:55:42.148] [INFO] default - Calling method: navigate with args: []
[2025-05-29T12:55:42.765] [INFO] default - Method: navigate executed successfully
[2025-05-29T12:55:42.765] [INFO] default - Calling method: fillContactForm with args: ["John Doe","johndoe@example.com","12345","Test Subject","This is a test message."]
[2025-05-29T12:55:42.800] [INFO] default - Method: navigate executed successfully
[2025-05-29T12:55:42.800] [INFO] default - Calling method: fillContactForm with args: ["Jane Smith","janesmith@example.com","12345678901","Inquiry","This is a valid test message for the contact form."]
[2025-05-29T12:55:42.811] [INFO] default - Method: navigate executed successfully
[2025-05-29T12:55:42.853] [INFO] default - Method: navigate executed successfully
[2025-05-29T12:55:42.896] [INFO] default - Calling method: navigate with args: []
[2025-05-29T12:55:43.560] [INFO] default - Method: navigate executed successfully
[2025-05-29T12:55:44.422] [INFO] default - Method: fillContactForm executed successfully
[2025-05-29T12:55:44.455] [INFO] default - Method: fillContactForm executed successfully
[2025-05-29T12:55:44.457] [INFO] default - Calling method: navigate with args: []
[2025-05-29T12:55:44.819] [INFO] default - Method: navigate executed successfully
[2025-05-29T12:55:46.152] [INFO] default - Calling method: navigate with args: []
[2025-05-29T12:55:46.576] [INFO] default - Method: navigate executed successfully
[2025-05-29T12:55:46.576] [INFO] default - Calling method: fillContactForm with args: ["Jane Smith","janesmith@example.com","12345678901","Inquiry","This is a valid test message for the contact form."]
[2025-05-29T12:55:46.659] [INFO] default - Calling method: navigate with args: []
[2025-05-29T12:55:46.664] [INFO] default - Calling method: navigate with args: []
[2025-05-29T12:55:46.773] [INFO] default - Method: fillContactForm executed successfully
[2025-05-29T12:55:47.063] [INFO] default - Method: navigate executed successfully
[2025-05-29T12:55:47.063] [INFO] default - Calling method: fillContactForm with args: ["John Doe","johndoe@example.com","12345","Test Subject","This is a test message."]
[2025-05-29T12:55:47.082] [INFO] default - Method: navigate executed successfully
[2025-05-29T12:55:47.241] [INFO] default - Method: fillContactForm executed successfully
[2025-05-29T12:55:48.150] [INFO] default - Calling method: navigate with args: []
[2025-05-29T12:55:48.427] [INFO] default - Method: navigate executed successfully
[2025-05-29T12:55:48.707] [INFO] default - Calling method: navigate with args: []
[2025-05-29T12:55:48.761] [INFO] default - Calling method: navigate with args: []
[2025-05-29T12:55:49.021] [INFO] default - Method: navigate executed successfully
[2025-05-29T12:55:49.021] [INFO] default - Calling method: fillContactForm with args: ["John Doe","johndoe@example.com","12345","Test Subject","This is a test message."]
[2025-05-29T12:55:49.074] [INFO] default - Method: navigate executed successfully
[2025-05-29T12:55:49.074] [INFO] default - Calling method: fillContactForm with args: ["Jane Smith","janesmith@example.com","12345678901","Inquiry","This is a valid test message for the contact form."]
[2025-05-29T12:55:49.567] [INFO] default - Method: fillContactForm executed successfully
[2025-05-29T12:55:49.585] [INFO] default - Method: fillContactForm executed successfully
[2025-06-10T12:42:20.433] [INFO] default - Calling method: navigate with args: []
[2025-06-10T12:42:54.455] [INFO] default - Calling method: navigate with args: []
[2025-06-10T12:43:37.757] [INFO] default - Calling method: navigate with args: []
[2025-06-10T12:43:40.083] [INFO] default - Calling method: navigate with args: []
[2025-06-10T12:49:37.323] [INFO] default - Calling method: navigate with args: []
[2025-06-10T12:49:50.946] [INFO] default - Calling method: navigate with args: []
[2025-06-10T12:50:35.877] [INFO] default - Calling method: navigate with args: 
[2025-06-10T12:50:39.117] [INFO] default - Calling method: navigate with args: 
[2025-06-10T12:52:28.286] [INFO] default - Calling method: navigate with args: []
[2025-06-10T13:09:01.658] [INFO] default - Calling method: navigate with args: []
[2025-06-10T13:09:02.325] [INFO] default - Method: navigate executed successfully
[2025-06-10T13:09:18.130] [INFO] default - Calling method: navigate with args: []
[2025-06-10T13:09:18.427] [INFO] default - Method: navigate executed successfully
[2025-06-10T13:09:31.614] [INFO] default - Calling method: navigate with args: []
[2025-06-10T13:09:31.954] [INFO] default - Method: navigate executed successfully
[2025-06-10T13:48:57.285] [INFO] default - Calling method: navigate with args: []
[2025-06-10T13:48:57.857] [INFO] default - Method: navigate executed successfully
[2025-06-10T13:48:57.857] [INFO] default - Calling method: fillContactForm with args: ["John Doe","johndoe@example.com","12345","Test Subject","This is a test message."]
[2025-06-10T13:48:59.778] [INFO] default - Method: fillContactForm executed successfully
[2025-06-10T14:08:16.506] [INFO] default - Calling method: navigate with args: []
[2025-06-10T14:08:16.925] [INFO] default - Method: navigate executed successfully
[2025-06-10T14:08:16.925] [INFO] default - Calling method: fillContactForm with args: ["John Doe","johndoe@example.com","12345","Test Subject","This is a test message."]
[2025-06-10T14:08:18.891] [INFO] default - Method: fillContactForm executed successfully
[2025-06-10T14:16:42.199] [INFO] default - Calling method: navigate with args: []
[2025-06-10T14:16:42.601] [INFO] default - Method: navigate executed successfully
[2025-06-10T14:16:42.602] [INFO] default - Calling method: fillContactForm with args: ["John Doe","johndoe@example.com","12345","Test Subject","This is a test message."]
[2025-06-10T14:16:44.491] [INFO] default - Method: fillContactForm executed successfully
[2025-06-10T14:17:07.246] [INFO] default - Calling method: navigate with args: []
[2025-06-10T14:17:07.530] [INFO] default - Method: navigate executed successfully
[2025-06-10T14:17:13.153] [INFO] default - Calling method: navigate with args: []
[2025-06-10T14:17:13.412] [INFO] default - Method: navigate executed successfully
[2025-06-10T14:17:13.786] [INFO] default - Calling method: navigate with args: []
[2025-06-10T14:17:13.987] [INFO] default - Method: navigate executed successfully
[2025-06-10T14:17:13.987] [INFO] default - Calling method: fillContactForm with args: ["John Doe","johndoe@example.com","12345","Test Subject","This is a test message."]
[2025-06-10T14:17:15.932] [INFO] default - Method: fillContactForm executed successfully
[2025-06-10T14:17:16.337] [INFO] default - Calling method: navigate with args: []
[2025-06-10T14:17:16.540] [INFO] default - Method: navigate executed successfully
[2025-06-10T14:17:16.540] [INFO] default - Calling method: fillContactForm with args: ["Jane Smith","janesmith@example.com","12345678901","Inquiry","This is a valid test message for the contact form."]
[2025-06-10T14:17:18.475] [INFO] default - Method: fillContactForm executed successfully
[2025-06-10T14:17:49.823] [INFO] default - Calling method: navigate with args: []
[2025-06-10T14:17:50.225] [INFO] default - Method: navigate executed successfully
